<?xml version="1.0" encoding="UTF-8"?>
<!-- Generated by org.testng.reporters.JUnitXMLReporter -->
<testsuite hostname="usnycpww4255.global.publicisgroupe.net" name="Preference Center Crest iPhone" tests="1" failures="1" timestamp="20 Nov 2015 21:17:44 GMT" time="84.578" errors="0">
  <testcase name="@AfterMethod afterMethod_takeScreenshot" time="0.0" classname="brand.production.mobile.CrestGalaxyS5PreferenceCenter">
    <failure type="java.io.IOException" message="Destination &amp;apos;/failed&amp;apos; directory cannot be created">
      <![CDATA[java.io.IOException: Destination '/failed' directory cannot be created
	at org.apache.commons.io.FileUtils.copyFile(FileUtils.java:1015)
	at org.apache.commons.io.FileUtils.copyFile(FileUtils.java:968)
	at brand.production.mobile.CrestGalaxyS5PreferenceCenter.afterMethod_takeScreenshot(CrestGalaxyS5PreferenceCenter.java:766)
... Removed 2 stack frames]]>
    </failure>
  </testcase> <!-- @AfterMethod afterMethod_takeScreenshot -->
  <testcase name="beforeClass" time="83.626" classname="brand.production.mobile.CrestGalaxyS5PreferenceCenter">
    <failure type="org.openqa.selenium.ElementNotVisibleException" message="Element is not currently visible and may not be manipulated (WARNING: The server did not provide any stacktrace information)
Command duration or timeout: 47 milliseconds
Build info: version: &amp;apos;2.37.0&amp;apos;, revision: &amp;apos;a7c61cbd68657e133ae96672cf995890bad2ee42&amp;apos;, time: &amp;apos;2013-10-18 09:51:02&amp;apos;
System info: host: &amp;apos;usnycpww4255.global.publicisgroupe.net&amp;apos;, ip: &amp;apos;169.254.175.215&amp;apos;, os.name: &amp;apos;Mac OS X&amp;apos;, os.arch: &amp;apos;x86_64&amp;apos;, os.version: &amp;apos;10.10.3&amp;apos;, java.version: &amp;apos;1.6.0_65&amp;apos;
Session ID: 032afc4babdd0611d4eb22987a44651e7751cc32
Driver info: org.openqa.selenium.remote.RemoteWebDriver
Capabilities [{proxy_type=node, javascriptEnabled=true, acceptSslCerts=true, browserName=safari, networkConnectionEnabled=false, version=, autoAcceptAlerts=true, platformVersion=8.3, platformName=iOS, deviceName=iPhone 6 Plus, safari=true, browser=iPhone, warnings={}, takesScreenshot=true, browserstack.ie.noFlash=false, 64bit=false, platform=MAC, orientation=portrait, desired={proxy_type=node, orientation=portrait, platform=MAC, acceptSslCerts=true, browserName=safari, version=, newCommandTimeout=300, autoAcceptAlerts=true, platformVersion=8.3, deviceName=iPhone 6 Plus, platformName=iOS, acceptSslCert=true, browser=iPhone, device=iPhone 6 Plus, browserstack.video=true, orig_os=macyos, browserstack.debug=true, browserstack.ie.noFlash=false, mobile={&amp;quot;version&amp;quot;:&amp;quot;iPhone 6 Plus-8.3&amp;quot;,&amp;quot;browser&amp;quot;:&amp;quot;mobile&amp;quot;}, 64bit=false}, locationContextEnabled=false, newCommandTimeout=300, databaseEnabled=false, acceptSslCert=true, webStorageEnabled=false, device=iPhone 6 Plus, browserstack.video=true, orig_os=macyos, browserstack.debug=true, mobile={&amp;quot;version&amp;quot;:&amp;quot;iPhone 6 Plus-8.3&amp;quot;,&amp;quot;browser&amp;quot;:&amp;quot;mobile&amp;quot;}}]">
      <![CDATA[org.openqa.selenium.ElementNotVisibleException: Element is not currently visible and may not be manipulated (WARNING: The server did not provide any stacktrace information)
Command duration or timeout: 47 milliseconds
Build info: version: '2.37.0', revision: 'a7c61cbd68657e133ae96672cf995890bad2ee42', time: '2013-10-18 09:51:02'
System info: host: 'usnycpww4255.global.publicisgroupe.net', ip: '169.254.175.215', os.name: 'Mac OS X', os.arch: 'x86_64', os.version: '10.10.3', java.version: '1.6.0_65'
Session ID: 032afc4babdd0611d4eb22987a44651e7751cc32
Driver info: org.openqa.selenium.remote.RemoteWebDriver
Capabilities [{proxy_type=node, javascriptEnabled=true, acceptSslCerts=true, browserName=safari, networkConnectionEnabled=false, version=, autoAcceptAlerts=true, platformVersion=8.3, platformName=iOS, deviceName=iPhone 6 Plus, safari=true, browser=iPhone, warnings={}, takesScreenshot=true, browserstack.ie.noFlash=false, 64bit=false, platform=MAC, orientation=portrait, desired={proxy_type=node, orientation=portrait, platform=MAC, acceptSslCerts=true, browserName=safari, version=, newCommandTimeout=300, autoAcceptAlerts=true, platformVersion=8.3, deviceName=iPhone 6 Plus, platformName=iOS, acceptSslCert=true, browser=iPhone, device=iPhone 6 Plus, browserstack.video=true, orig_os=macyos, browserstack.debug=true, browserstack.ie.noFlash=false, mobile={"version":"iPhone 6 Plus-8.3","browser":"mobile"}, 64bit=false}, locationContextEnabled=false, newCommandTimeout=300, databaseEnabled=false, acceptSslCert=true, webStorageEnabled=false, device=iPhone 6 Plus, browserstack.video=true, orig_os=macyos, browserstack.debug=true, mobile={"version":"iPhone 6 Plus-8.3","browser":"mobile"}}]
	at org.openqa.selenium.remote.ErrorHandler.createThrowable(ErrorHandler.java:193)
	at org.openqa.selenium.remote.ErrorHandler.throwIfResponseFailed(ErrorHandler.java:145)
	at org.openqa.selenium.remote.RemoteWebDriver.execute(RemoteWebDriver.java:554)
	at org.openqa.selenium.remote.RemoteWebElement.execute(RemoteWebElement.java:268)
	at org.openqa.selenium.remote.RemoteWebElement.click(RemoteWebElement.java:79)
	at brand.production.mobile.CrestGalaxyS5PreferenceCenter.beforeClass(CrestGalaxyS5PreferenceCenter.java:429)
... Removed 4 stack frames]]>
    </failure>
  </testcase> <!-- beforeClass -->
</testsuite> <!-- Preference Center Crest iPhone -->
