<?xml version="1.0" encoding="UTF-8"?>
<testng-results skipped="1" failed="0" total="1" passed="0">
  <reporter-output>
  </reporter-output>
  <suite name="Default suite" duration-ms="36" started-at="2015-08-20T18:59:48Z" finished-at="2015-08-20T18:59:48Z">
    <groups>
    </groups>
    <test name="Default test" duration-ms="36" started-at="2015-08-20T18:59:48Z" finished-at="2015-08-20T18:59:48Z">
      <class name="mobile.test.MobileAndroidDevice">
        <test-method status="FAIL" signature="setUp()[pri:0, instance:mobile.test.MobileAndroidDevice@5090d8ea]" name="setUp" is-config="true" duration-ms="0" started-at="2015-08-20T14:59:48Z" finished-at="2015-08-20T14:59:48Z">
          <exception class="java.lang.ClassCastException">
            <message>
              <![CDATA[io.selendroid.standalone.android.AndroidSdk cannot be cast to org.openqa.selenium.WebDriver]]>
            </message>
            <full-stacktrace>
              <![CDATA[java.lang.ClassCastException: io.selendroid.standalone.android.AndroidSdk cannot be cast to org.openqa.selenium.WebDriver
	at mobile.test.MobileAndroidDevice.setUp(MobileAndroidDevice.java:17)
	at sun.reflect.NativeMethodAccessorImpl.invoke0(Native Method)
	at sun.reflect.NativeMethodAccessorImpl.invoke(NativeMethodAccessorImpl.java:39)
	at sun.reflect.DelegatingMethodAccessorImpl.invoke(DelegatingMethodAccessorImpl.java:25)
	at java.lang.reflect.Method.invoke(Method.java:597)
	at org.testng.internal.MethodInvocationHelper.invokeMethod(MethodInvocationHelper.java:84)
	at org.testng.internal.Invoker.invokeConfigurationMethod(Invoker.java:564)
	at org.testng.internal.Invoker.invokeConfigurations(Invoker.java:213)
	at org.testng.internal.Invoker.invokeConfigurations(Invoker.java:138)
	at org.testng.internal.TestMethodWorker.invokeBeforeClassMethods(TestMethodWorker.java:175)
	at org.testng.internal.TestMethodWorker.run(TestMethodWorker.java:107)
	at org.testng.TestRunner.privateRun(TestRunner.java:767)
	at org.testng.TestRunner.run(TestRunner.java:617)
	at org.testng.SuiteRunner.runTest(SuiteRunner.java:334)
	at org.testng.SuiteRunner.runSequentially(SuiteRunner.java:329)
	at org.testng.SuiteRunner.privateRun(SuiteRunner.java:291)
	at org.testng.SuiteRunner.run(SuiteRunner.java:240)
	at org.testng.SuiteRunnerWorker.runSuite(SuiteRunnerWorker.java:52)
	at org.testng.SuiteRunnerWorker.run(SuiteRunnerWorker.java:86)
	at org.testng.TestNG.runSuitesSequentially(TestNG.java:1224)
	at org.testng.TestNG.runSuitesLocally(TestNG.java:1149)
	at org.testng.TestNG.run(TestNG.java:1057)
	at org.testng.remote.RemoteTestNG.run(RemoteTestNG.java:111)
	at org.testng.remote.RemoteTestNG.initAndRun(RemoteTestNG.java:204)
	at org.testng.remote.RemoteTestNG.main(RemoteTestNG.java:175)
]]>
            </full-stacktrace>
          </exception> <!-- java.lang.ClassCastException -->
          <reporter-output>
          </reporter-output>
        </test-method> <!-- setUp -->
        <test-method status="SKIP" signature="measurePerformance()[pri:0, instance:mobile.test.MobileAndroidDevice@5090d8ea]" name="measurePerformance" duration-ms="9" started-at="2015-08-20T14:59:48Z" finished-at="2015-08-20T14:59:48Z">
          <reporter-output>
          </reporter-output>
        </test-method> <!-- measurePerformance -->
        <test-method status="SKIP" signature="tearDown()[pri:0, instance:mobile.test.MobileAndroidDevice@5090d8ea]" name="tearDown" is-config="true" duration-ms="0" started-at="2015-08-20T14:59:48Z" finished-at="2015-08-20T14:59:48Z">
          <reporter-output>
          </reporter-output>
        </test-method> <!-- tearDown -->
      </class> <!-- mobile.test.MobileAndroidDevice -->
    </test> <!-- Default test -->
  </suite> <!-- Default suite -->
</testng-results>
